2016-02-18T10:11:38+00:00 delgado-Lenovo-IdeaPad-Z500#00 I: Runner: processes
2016-02-18T10:11:38+00:00 delgado-Lenovo-IdeaPad-Z500#00 I: Chooser: simple
2016-02-18T10:11:38+00:00 delgado-Lenovo-IdeaPad-Z500#00 I: Configuration suite_name = "anon"
2016-02-18T10:11:38+00:00 delgado-Lenovo-IdeaPad-Z500#00 I: Configuration cache_filename = "/home/delgado/Documents/3I013Projet/repertoireGit/_build/oUnit-$(suite_name).cache"
2016-02-18T10:11:38+00:00 delgado-Lenovo-IdeaPad-Z500#00 I: Configuration display = "true"
2016-02-18T10:11:38+00:00 delgado-Lenovo-IdeaPad-Z500#00 I: Configuration results_style_1_X = "false"
2016-02-18T10:11:38+00:00 delgado-Lenovo-IdeaPad-Z500#00 I: Configuration verbose = "false"
2016-02-18T10:11:38+00:00 delgado-Lenovo-IdeaPad-Z500#00 I: Configuration health_check_interval = "1."
2016-02-18T10:11:38+00:00 delgado-Lenovo-IdeaPad-Z500#00 I: Configuration testdata_dir = "none"
2016-02-18T10:11:38+00:00 delgado-Lenovo-IdeaPad-Z500#00 I: Configuration chooser = "simple"
2016-02-18T10:11:38+00:00 delgado-Lenovo-IdeaPad-Z500#00 I: Configuration output_html_dir = "none"
2016-02-18T10:11:38+00:00 delgado-Lenovo-IdeaPad-Z500#00 I: Configuration processes_kill_period = "5."
2016-02-18T10:11:38+00:00 delgado-Lenovo-IdeaPad-Z500#00 I: Configuration runner = "processes"
2016-02-18T10:11:38+00:00 delgado-Lenovo-IdeaPad-Z500#00 I: Configuration shards = "2"
2016-02-18T10:11:38+00:00 delgado-Lenovo-IdeaPad-Z500#00 I: Configuration processes_grace_period = "5."
2016-02-18T10:11:38+00:00 delgado-Lenovo-IdeaPad-Z500#00 I: Configuration log_encoding = "utf-8"
2016-02-18T10:11:38+00:00 delgado-Lenovo-IdeaPad-Z500#00 I: Configuration output_junit_file = "none"
2016-02-18T10:11:38+00:00 delgado-Lenovo-IdeaPad-Z500#00 I: Configuration output_file = "/home/delgado/Documents/3I013Projet/repertoireGit/_build/oUnit-$(suite_name)-$(shard_id).log"
2016-02-18T10:11:38+00:00 delgado-Lenovo-IdeaPad-Z500#00 I: Using 2 workers maximum.
2016-02-18T10:11:38+00:00 delgado-Lenovo-IdeaPad-Z500#00 I: Starting worker number delgado-Lenovo-IdeaPad-Z500#01.
2016-02-18T10:11:38+00:00 delgado-Lenovo-IdeaPad-Z500#00 I: Worker delgado-Lenovo-IdeaPad-Z500#01 started.
2016-02-18T10:11:38+00:00 delgado-Lenovo-IdeaPad-Z500#00 I: Starting worker number delgado-Lenovo-IdeaPad-Z500#02.
2016-02-18T10:11:38+00:00 delgado-Lenovo-IdeaPad-Z500#00 I: Worker delgado-Lenovo-IdeaPad-Z500#02 started.
2016-02-18T10:11:38+00:00 delgado-Lenovo-IdeaPad-Z500#00 I: 2 tests running: 0:Parser tests:1:(lambda x y), 0:Parser tests:0:(lambda x x).
2016-02-18T10:11:38+00:00 delgado-Lenovo-IdeaPad-Z500#01 I: Start test 0:Parser tests:0:(lambda x x).
2016-02-18T10:11:38+00:00 delgado-Lenovo-IdeaPad-Z500#00 I: 2 tests running: 0:Parser tests:1:(lambda x y), 0:Parser tests:0:(lambda x x).
2016-02-18T10:11:38+00:00 delgado-Lenovo-IdeaPad-Z500#01 I: Test 0:Parser tests:0:(lambda x x) is successful.
2016-02-18T10:11:38+00:00 delgado-Lenovo-IdeaPad-Z500#00 I: 2 tests running: 0:Parser tests:1:(lambda x y), 0:Parser tests:0:(lambda x x).
2016-02-18T10:11:38+00:00 delgado-Lenovo-IdeaPad-Z500#01 I: End test 0:Parser tests:0:(lambda x x).
2016-02-18T10:11:38+00:00 delgado-Lenovo-IdeaPad-Z500#00 I: 2 tests running: 0:Parser tests:1:(lambda x y), 0:Parser tests:0:(lambda x x).
2016-02-18T10:11:38+00:00 delgado-Lenovo-IdeaPad-Z500#00 I: 2 tests running: 0:Parser tests:2:(x y z), 0:Parser tests:1:(lambda x y).
2016-02-18T10:11:38+00:00 delgado-Lenovo-IdeaPad-Z500#01 I: Start test 0:Parser tests:2:(x y z).
2016-02-18T10:11:38+00:00 delgado-Lenovo-IdeaPad-Z500#00 I: 2 tests running: 0:Parser tests:2:(x y z), 0:Parser tests:1:(lambda x y).
2016-02-18T10:11:38+00:00 delgado-Lenovo-IdeaPad-Z500#01 I: Test 0:Parser tests:2:(x y z) is successful.
2016-02-18T10:11:38+00:00 delgado-Lenovo-IdeaPad-Z500#00 I: 2 tests running: 0:Parser tests:2:(x y z), 0:Parser tests:1:(lambda x y).
2016-02-18T10:11:38+00:00 delgado-Lenovo-IdeaPad-Z500#01 I: End test 0:Parser tests:2:(x y z).
2016-02-18T10:11:38+00:00 delgado-Lenovo-IdeaPad-Z500#00 I: 2 tests running: 0:Parser tests:2:(x y z), 0:Parser tests:1:(lambda x y).
2016-02-18T10:11:38+00:00 delgado-Lenovo-IdeaPad-Z500#00 I: 2 tests running: 0:Parser tests:3:(lambda (x y z) (x (y z))), 0:Parser tests:1:(lambda x y).
2016-02-18T10:11:38+00:00 delgado-Lenovo-IdeaPad-Z500#01 I: Start test 0:Parser tests:3:(lambda (x y z) (x (y z))).
2016-02-18T10:11:38+00:00 delgado-Lenovo-IdeaPad-Z500#00 I: 2 tests running: 0:Parser tests:3:(lambda (x y z) (x (y z))), 0:Parser tests:1:(lambda x y).
2016-02-18T10:11:38+00:00 delgado-Lenovo-IdeaPad-Z500#01 I: Test 0:Parser tests:3:(lambda (x y z) (x (y z))) is successful.
2016-02-18T10:11:38+00:00 delgado-Lenovo-IdeaPad-Z500#00 I: 2 tests running: 0:Parser tests:3:(lambda (x y z) (x (y z))), 0:Parser tests:1:(lambda x y).
2016-02-18T10:11:38+00:00 delgado-Lenovo-IdeaPad-Z500#01 I: End test 0:Parser tests:3:(lambda (x y z) (x (y z))).
2016-02-18T10:11:38+00:00 delgado-Lenovo-IdeaPad-Z500#00 I: 2 tests running: 0:Parser tests:3:(lambda (x y z) (x (y z))), 0:Parser tests:1:(lambda x y).
2016-02-18T10:11:38+00:00 delgado-Lenovo-IdeaPad-Z500#00 I: 2 tests running: 0:Parser tests:4:(lambda (x y z) (x y z)), 0:Parser tests:1:(lambda x y).
2016-02-18T10:11:38+00:00 delgado-Lenovo-IdeaPad-Z500#01 I: Start test 0:Parser tests:4:(lambda (x y z) (x y z)).
2016-02-18T10:11:38+00:00 delgado-Lenovo-IdeaPad-Z500#00 I: 2 tests running: 0:Parser tests:4:(lambda (x y z) (x y z)), 0:Parser tests:1:(lambda x y).
2016-02-18T10:11:38+00:00 delgado-Lenovo-IdeaPad-Z500#02 I: Start test 0:Parser tests:1:(lambda x y).
2016-02-18T10:11:38+00:00 delgado-Lenovo-IdeaPad-Z500#00 I: 2 tests running: 0:Parser tests:4:(lambda (x y z) (x y z)), 0:Parser tests:1:(lambda x y).
2016-02-18T10:11:38+00:00 delgado-Lenovo-IdeaPad-Z500#01 I: Test 0:Parser tests:4:(lambda (x y z) (x y z)) is successful.
2016-02-18T10:11:38+00:00 delgado-Lenovo-IdeaPad-Z500#00 I: 2 tests running: 0:Parser tests:4:(lambda (x y z) (x y z)), 0:Parser tests:1:(lambda x y).
2016-02-18T10:11:38+00:00 delgado-Lenovo-IdeaPad-Z500#01 I: End test 0:Parser tests:4:(lambda (x y z) (x y z)).
2016-02-18T10:11:38+00:00 delgado-Lenovo-IdeaPad-Z500#00 I: 2 tests running: 0:Parser tests:4:(lambda (x y z) (x y z)), 0:Parser tests:1:(lambda x y).
2016-02-18T10:11:38+00:00 delgado-Lenovo-IdeaPad-Z500#00 I: 2 tests running: 1:Boolean test:0:ifthenelse, 0:Parser tests:1:(lambda x y).
2016-02-18T10:11:38+00:00 delgado-Lenovo-IdeaPad-Z500#01 I: Start test 1:Boolean test:0:ifthenelse.
2016-02-18T10:11:38+00:00 delgado-Lenovo-IdeaPad-Z500#00 I: 2 tests running: 1:Boolean test:0:ifthenelse, 0:Parser tests:1:(lambda x y).
2016-02-18T10:11:38+00:00 delgado-Lenovo-IdeaPad-Z500#02 I: Test 0:Parser tests:1:(lambda x y) is successful.
2016-02-18T10:11:38+00:00 delgado-Lenovo-IdeaPad-Z500#00 I: 2 tests running: 1:Boolean test:0:ifthenelse, 0:Parser tests:1:(lambda x y).
2016-02-18T10:11:38+00:00 delgado-Lenovo-IdeaPad-Z500#02 I: End test 0:Parser tests:1:(lambda x y).
2016-02-18T10:11:38+00:00 delgado-Lenovo-IdeaPad-Z500#01 I: Test 1:Boolean test:0:ifthenelse is successful.
2016-02-18T10:11:38+00:00 delgado-Lenovo-IdeaPad-Z500#00 I: 2 tests running: 1:Boolean test:0:ifthenelse, 0:Parser tests:1:(lambda x y).
2016-02-18T10:11:38+00:00 delgado-Lenovo-IdeaPad-Z500#01 I: End test 1:Boolean test:0:ifthenelse.
2016-02-18T10:11:38+00:00 delgado-Lenovo-IdeaPad-Z500#00 I: Still 2 tests running : 2:Nat test:0:successeur, 1:Boolean test:0:ifthenelse.
2016-02-18T10:11:38+00:00 delgado-Lenovo-IdeaPad-Z500#00 I: 2 tests running: 2:Nat test:0:successeur, 1:Boolean test:0:ifthenelse.
2016-02-18T10:11:38+00:00 delgado-Lenovo-IdeaPad-Z500#02 I: Start test 2:Nat test:0:successeur.
2016-02-18T10:11:38+00:00 delgado-Lenovo-IdeaPad-Z500#00 I: Still 1 tests running : 2:Nat test:0:successeur.
2016-02-18T10:11:38+00:00 delgado-Lenovo-IdeaPad-Z500#00 I: 1 tests running: 2:Nat test:0:successeur.
2016-02-18T10:11:38+00:00 delgado-Lenovo-IdeaPad-Z500#02 I: Test 2:Nat test:0:successeur is successful.
2016-02-18T10:11:38+00:00 delgado-Lenovo-IdeaPad-Z500#00 I: Still 1 tests running : 2:Nat test:0:successeur.
2016-02-18T10:11:38+00:00 delgado-Lenovo-IdeaPad-Z500#00 I: 1 tests running: 2:Nat test:0:successeur.
2016-02-18T10:11:38+00:00 delgado-Lenovo-IdeaPad-Z500#02 I: End test 2:Nat test:0:successeur.
2016-02-18T10:11:38+00:00 delgado-Lenovo-IdeaPad-Z500#00 I: Still 1 tests running : 2:Nat test:0:successeur.
2016-02-18T10:11:38+00:00 delgado-Lenovo-IdeaPad-Z500#00 I: 1 tests running: 2:Nat test:0:successeur.
2016-02-18T10:11:38+00:00 delgado-Lenovo-IdeaPad-Z500#00 I: 0 tests running: .
2016-02-18T10:11:38+00:00 delgado-Lenovo-IdeaPad-Z500#00 I: Worker delgado-Lenovo-IdeaPad-Z500#01 has ended.
2016-02-18T10:11:39+00:00 delgado-Lenovo-IdeaPad-Z500#00 I: Worker delgado-Lenovo-IdeaPad-Z500#02 has ended.
2016-02-18T10:11:39+00:00 delgado-Lenovo-IdeaPad-Z500#00 I: Used 2 worker during test execution.
2016-02-18T10:11:39+00:00 delgado-Lenovo-IdeaPad-Z500#00 I: Run 5 tests with shard delgado-Lenovo-IdeaPad-Z500#01.
2016-02-18T10:11:39+00:00 delgado-Lenovo-IdeaPad-Z500#00 I: Run 2 tests with shard delgado-Lenovo-IdeaPad-Z500#02.
2016-02-18T10:11:39+00:00 delgado-Lenovo-IdeaPad-Z500#00 I: ==============
2016-02-18T10:11:39+00:00 delgado-Lenovo-IdeaPad-Z500#00 I: Summary:
2016-02-18T10:11:39+00:00 delgado-Lenovo-IdeaPad-Z500#00 I: Test 2:Nat test:0:successeur is successful.
2016-02-18T10:11:39+00:00 delgado-Lenovo-IdeaPad-Z500#00 I: Test 1:Boolean test:0:ifthenelse is successful.
2016-02-18T10:11:39+00:00 delgado-Lenovo-IdeaPad-Z500#00 I: Test 0:Parser tests:1:(lambda x y) is successful.
2016-02-18T10:11:39+00:00 delgado-Lenovo-IdeaPad-Z500#00 I: Test 0:Parser tests:4:(lambda (x y z) (x y z)) is successful.
2016-02-18T10:11:39+00:00 delgado-Lenovo-IdeaPad-Z500#00 I: Test 0:Parser tests:3:(lambda (x y z) (x (y z))) is successful.
2016-02-18T10:11:39+00:00 delgado-Lenovo-IdeaPad-Z500#00 I: Test 0:Parser tests:2:(x y z) is successful.
2016-02-18T10:11:39+00:00 delgado-Lenovo-IdeaPad-Z500#00 I: Test 0:Parser tests:0:(lambda x x) is successful.
2016-02-18T10:11:39+00:00 delgado-Lenovo-IdeaPad-Z500#00 I: Ran: 7 tests in: 0.11 seconds.
2016-02-18T10:11:39+00:00 delgado-Lenovo-IdeaPad-Z500#00 I: Cases: 7.
2016-02-18T10:11:39+00:00 delgado-Lenovo-IdeaPad-Z500#00 I: Tried: 7.
2016-02-18T10:11:39+00:00 delgado-Lenovo-IdeaPad-Z500#00 I: Errors: 0.
2016-02-18T10:11:39+00:00 delgado-Lenovo-IdeaPad-Z500#00 I: Failures: 0.
2016-02-18T10:11:39+00:00 delgado-Lenovo-IdeaPad-Z500#00 I: Skip: 0.
2016-02-18T10:11:39+00:00 delgado-Lenovo-IdeaPad-Z500#00 I: Todo: 0.
2016-02-18T10:11:39+00:00 delgado-Lenovo-IdeaPad-Z500#00 I: Timeout: 0.
